# JRE version: OpenJDK Runtime Environment (8.0_112-b06) (build 1.8.0_112-release-b06)
# Java VM: OpenJDK 64-Bit Server VM (25.112-b06 mixed mode windows-amd64 compressed oops)
Heap:
 PSYoungGen      total 138240K, used 11859K [0x00000000e0000000, 0x00000000ee980000, 0x0000000100000000)
  eden space 124928K, 9% used [0x00000000e0000000,0x00000000e0b94f80,0x00000000e7a00000)
  from space 13312K, 0% used [0x00000000e9a00000,0x00000000e9a00000,0x00000000ea700000)
  to   space 32768K, 0% used [0x00000000e7a00000,0x00000000e7a00000,0x00000000e9a00000)
 ParOldGen       total 93184K, used 83244K [0x00000000a0000000, 0x00000000a5b00000, 0x00000000e0000000)
  object space 93184K, 89% used [0x00000000a0000000,0x00000000a514b268,0x00000000a5b00000)
 Metaspace       used 61148K, capacity 63720K, committed 63960K, reserved 1103872K
  class space    used 8057K, capacity 8607K, committed 8664K, reserved 1048576K
GC Heap History (10 events):
Event: 256.993 GC heap before
{Heap before GC invocations=26 (full 3):
 PSYoungGen      total 132608K, used 121856K [0x00000000e0000000, 0x00000000e9200000, 0x0000000100000000)
  eden space 121856K, 100% used [0x00000000e0000000,0x00000000e7700000,0x00000000e7700000)
  from space 10752K, 0% used [0x00000000e8780000,0x00000000e8780000,0x00000000e9200000)
  to   space 13824K, 0% used [0x00000000e7700000,0x00000000e7700000,0x00000000e8480000)
 ParOldGen       total 93184K, used 46014K [0x00000000a0000000, 0x00000000a5b00000, 0x00000000e0000000)
  object space 93184K, 49% used [0x00000000a0000000,0x00000000a2cefbc8,0x00000000a5b00000)
 Metaspace       used 57657K, capacity 60210K, committed 60248K, reserved 1101824K
  class space    used 7754K, capacity 8276K, committed 8280K, reserved 1048576K
Event: 257.041 GC heap after
Heap after GC invocations=26 (full 3):
 PSYoungGen      total 135680K, used 5335K [0x00000000e0000000, 0x00000000ea700000, 0x0000000100000000)
  eden space 121856K, 0% used [0x00000000e0000000,0x00000000e0000000,0x00000000e7700000)
  from space 13824K, 38% used [0x00000000e7700000,0x00000000e7c35f88,0x00000000e8480000)
  to   space 13312K, 0% used [0x00000000e9a00000,0x00000000e9a00000,0x00000000ea700000)
 ParOldGen       total 93184K, used 46022K [0x00000000a0000000, 0x00000000a5b00000, 0x00000000e0000000)
  object space 93184K, 49% used [0x00000000a0000000,0x00000000a2cf1bc8,0x00000000a5b00000)
 Metaspace       used 57657K, capacity 60210K, committed 60248K, reserved 1101824K
  class space    used 7754K, capacity 8276K, committed 8280K, reserved 1048576K
}
Event: 273.464 GC heap before
{Heap before GC invocations=27 (full 3):
 PSYoungGen      total 135680K, used 127191K [0x00000000e0000000, 0x00000000ea700000, 0x0000000100000000)
  eden space 121856K, 100% used [0x00000000e0000000,0x00000000e7700000,0x00000000e7700000)
  from space 13824K, 38% used [0x00000000e7700000,0x00000000e7c35f88,0x00000000e8480000)
  to   space 13312K, 0% used [0x00000000e9a00000,0x00000000e9a00000,0x00000000ea700000)
 ParOldGen       total 93184K, used 46022K [0x00000000a0000000, 0x00000000a5b00000, 0x00000000e0000000)
  object space 93184K, 49% used [0x00000000a0000000,0x00000000a2cf1bc8,0x00000000a5b00000)
 Metaspace       used 60633K, capacity 63182K, committed 63448K, reserved 1103872K
  class space    used 8030K, capacity 8576K, committed 8664K, reserved 1048576K
Event: 273.614 GC heap after
Heap after GC invocations=27 (full 3):
 PSYoungGen      total 153088K, used 13284K [0x00000000e0000000, 0x00000000eae00000, 0x0000000100000000)
  eden space 139776K, 0% used [0x00000000e0000000,0x00000000e0000000,0x00000000e8880000)
  from space 13312K, 99% used [0x00000000e9a00000,0x00000000ea6f93b0,0x00000000ea700000)
  to   space 17920K, 0% used [0x00000000e8880000,0x00000000e8880000,0x00000000e9a00000)
 ParOldGen       total 93184K, used 53730K [0x00000000a0000000, 0x00000000a5b00000, 0x00000000e0000000)
  object space 93184K, 57% used [0x00000000a0000000,0x00000000a3478948,0x00000000a5b00000)
 Metaspace       used 60633K, capacity 63182K, committed 63448K, reserved 1103872K
  class space    used 8030K, capacity 8576K, committed 8664K, reserved 1048576K
}
Event: 275.362 GC heap before
{Heap before GC invocations=28 (full 3):
 PSYoungGen      total 153088K, used 153060K [0x00000000e0000000, 0x00000000eae00000, 0x0000000100000000)
  eden space 139776K, 100% used [0x00000000e0000000,0x00000000e8880000,0x00000000e8880000)
  from space 13312K, 99% used [0x00000000e9a00000,0x00000000ea6f93b0,0x00000000ea700000)
  to   space 17920K, 0% used [0x00000000e8880000,0x00000000e8880000,0x00000000e9a00000)
 ParOldGen       total 93184K, used 53730K [0x00000000a0000000, 0x00000000a5b00000, 0x00000000e0000000)
  object space 93184K, 57% used [0x00000000a0000000,0x00000000a3478948,0x00000000a5b00000)
 Metaspace       used 60909K, capacity 63502K, committed 63704K, reserved 1103872K
  class space    used 8046K, capacity 8576K, committed 8664K, reserved 1048576K
Event: 277.472 GC heap after
Heap after GC invocations=28 (full 3):
 PSYoungGen      total 157696K, used 17900K [0x00000000e0000000, 0x00000000eae00000, 0x0000000100000000)
  eden space 139776K, 0% used [0x00000000e0000000,0x00000000e0000000,0x00000000e8880000)
  from space 17920K, 99% used [0x00000000e8880000,0x00000000e99fb3d8,0x00000000e9a00000)
  to   space 13312K, 0% used [0x00000000e9a00000,0x00000000e9a00000,0x00000000ea700000)
 ParOldGen       total 93184K, used 68306K [0x00000000a0000000, 0x00000000a5b00000, 0x00000000e0000000)
  object space 93184K, 73% used [0x00000000a0000000,0x00000000a42b48c0,0x00000000a5b00000)
 Metaspace       used 60909K, capacity 63502K, committed 63704K, reserved 1103872K
  class space    used 8046K, capacity 8576K, committed 8664K, reserved 1048576K
}
Event: 284.794 GC heap before
{Heap before GC invocations=29 (full 3):
 PSYoungGen      total 157696K, used 157676K [0x00000000e0000000, 0x00000000eae00000, 0x0000000100000000)
  eden space 139776K, 100% used [0x00000000e0000000,0x00000000e8880000,0x00000000e8880000)
  from space 17920K, 99% used [0x00000000e8880000,0x00000000e99fb3d8,0x00000000e9a00000)
  to   space 13312K, 0% used [0x00000000e9a00000,0x00000000e9a00000,0x00000000ea700000)
 ParOldGen       total 93184K, used 68306K [0x00000000a0000000, 0x00000000a5b00000, 0x00000000e0000000)
  object space 93184K, 73% used [0x00000000a0000000,0x00000000a42b48c0,0x00000000a5b00000)
 Metaspace       used 61140K, capacity 63726K, committed 63960K, reserved 1103872K
  class space    used 8058K, capacity 8608K, committed 8664K, reserved 1048576K
Event: 285.095 GC heap after
Heap after GC invocations=29 (full 3):
 PSYoungGen      total 138240K, used 13306K [0x00000000e0000000, 0x00000000ee980000, 0x0000000100000000)
  eden space 124928K, 0% used [0x00000000e0000000,0x00000000e0000000,0x00000000e7a00000)
  from space 13312K, 99% used [0x00000000e9a00000,0x00000000ea6fe938,0x00000000ea700000)
  to   space 32768K, 0% used [0x00000000e7a00000,0x00000000e7a00000,0x00000000e9a00000)
 ParOldGen       total 93184K, used 87464K [0x00000000a0000000, 0x00000000a5b00000, 0x00000000e0000000)
  object space 93184K, 93% used [0x00000000a0000000,0x00000000a556a0b8,0x00000000a5b00000)
 Metaspace       used 61140K, capacity 63726K, committed 63960K, reserved 1103872K
  class space    used 8058K, capacity 8608K, committed 8664K, reserved 1048576K
}
Event: 285.096 GC heap before
{Heap before GC invocations=30 (full 4):
 PSYoungGen      total 138240K, used 13306K [0x00000000e0000000, 0x00000000ee980000, 0x0000000100000000)
  eden space 124928K, 0% used [0x00000000e0000000,0x00000000e0000000,0x00000000e7a00000)
  from space 13312K, 99% used [0x00000000e9a00000,0x00000000ea6fe938,0x00000000ea700000)
  to   space 32768K, 0% used [0x00000000e7a00000,0x00000000e7a00000,0x00000000e9a00000)
 ParOldGen       total 93184K, used 87464K [0x00000000a0000000, 0x00000000a5b00000, 0x00000000e0000000)
  object space 93184K, 93% used [0x00000000a0000000,0x00000000a556a0b8,0x00000000a5b00000)
 Metaspace       used 61140K, capacity 63726K, committed 63960K, reserved 1103872K
  class space    used 8058K, capacity 8608K, committed 8664K, reserved 1048576K
Event: 292.295 GC heap after
Heap after GC invocations=30 (full 4):
 PSYoungGen      total 138240K, used 0K [0x00000000e0000000, 0x00000000ee980000, 0x0000000100000000)
  eden space 124928K, 0% used [0x00000000e0000000,0x00000000e0000000,0x00000000e7a00000)
  from space 13312K, 0% used [0x00000000e9a00000,0x00000000e9a00000,0x00000000ea700000)
  to   space 32768K, 0% used [0x00000000e7a00000,0x00000000e7a00000,0x00000000e9a00000)
 ParOldGen       total 93184K, used 83244K [0x00000000a0000000, 0x00000000a5b00000, 0x00000000e0000000)
  object space 93184K, 89% used [0x00000000a0000000,0x00000000a514b268,0x00000000a5b00000)
 Metaspace       used 61138K, capacity 63720K, committed 63960K, reserved 1103872K
  class space    used 8057K, capacity 8607K, committed 8664K, reserved 1048576K
}

